{"/home/webreflection/code/viperHTML/viperhtml.js":{"path":"/home/webreflection/code/viperHTML/viperhtml.js","s":{"1":1,"2":3037,"3":3037,"4":1,"5":1019,"6":1,"7":3025,"8":1,"9":5029,"10":1,"11":2015,"12":2015,"13":1,"14":2,"15":2,"16":2,"17":2,"18":2,"19":1,"20":1008,"21":2011,"22":2011,"23":1,"24":2019,"25":10042,"26":2019,"27":1,"28":1,"29":2,"30":1,"31":1,"32":3,"33":3,"34":3,"35":3,"36":1,"37":1017,"38":5029,"39":1017,"40":1017,"41":1,"42":1,"43":1,"44":1,"45":1},"b":{"1":[2020,1017],"2":[3037,2021],"3":[1,2019],"4":[1012,7],"5":[7,3],"6":[3025,2017],"7":[5029,2005],"8":[1010,1005],"9":[1008,2],"10":[1,1],"11":[2009,2],"12":[1,2008],"13":[2009,1],"14":[2,2],"15":[2004,3025],"16":[2015,1010]},"f":{"1":3037,"2":1019,"3":3025,"4":5029,"5":2015,"6":2,"7":2,"8":1008,"9":2011,"10":2019,"11":1,"12":3,"13":3,"14":1017},"fnMap":{"1":{"name":"viperHTML","line":14,"loc":{"start":{"line":14,"column":0},"end":{"line":14,"column":28}}},"2":{"name":"wire","line":28,"loc":{"start":{"line":28,"column":17},"end":{"line":28,"column":39}}},"3":{"name":"isAttribute","line":45,"loc":{"start":{"line":45,"column":0},"end":{"line":45,"column":32}}},"4":{"name":"isHTML","line":52,"loc":{"start":{"line":52,"column":0},"end":{"line":52,"column":28}}},"5":{"name":"getUpdateForAttribute","line":63,"loc":{"start":{"line":63,"column":0},"end":{"line":63,"column":42}}},"6":{"name":"updateBoolean","line":74,"loc":{"start":{"line":74,"column":0},"end":{"line":74,"column":40}}},"7":{"name":"(anonymous_7)","line":78,"loc":{"start":{"line":78,"column":9},"end":{"line":78,"column":26}}},"8":{"name":"updateEvent","line":86,"loc":{"start":{"line":86,"column":0},"end":{"line":86,"column":23}}},"9":{"name":"(anonymous_9)","line":87,"loc":{"start":{"line":87,"column":9},"end":{"line":87,"column":26}}},"10":{"name":"update","line":105,"loc":{"start":{"line":105,"column":0},"end":{"line":105,"column":18}}},"11":{"name":"chunks","line":120,"loc":{"start":{"line":120,"column":0},"end":{"line":120,"column":18}}},"12":{"name":"resolveChunk","line":136,"loc":{"start":{"line":136,"column":0},"end":{"line":136,"column":57}}},"13":{"name":"(anonymous_13)","line":137,"loc":{"start":{"line":137,"column":39},"end":{"line":137,"column":57}}},"14":{"name":"upgrade","line":147,"loc":{"start":{"line":147,"column":0},"end":{"line":147,"column":26}}}},"statementMap":{"1":{"start":{"line":14,"column":0},"end":{"line":19,"column":1}},"2":{"start":{"line":15,"column":2},"end":{"line":15,"column":31}},"3":{"start":{"line":16,"column":2},"end":{"line":18,"column":35}},"4":{"start":{"line":28,"column":0},"end":{"line":35,"column":2}},"5":{"start":{"line":29,"column":2},"end":{"line":34,"column":7}},"6":{"start":{"line":45,"column":0},"end":{"line":48,"column":1}},"7":{"start":{"line":46,"column":2},"end":{"line":47,"column":56}},"8":{"start":{"line":52,"column":0},"end":{"line":55,"column":1}},"9":{"start":{"line":53,"column":2},"end":{"line":54,"column":31}},"10":{"start":{"line":63,"column":0},"end":{"line":70,"column":1}},"11":{"start":{"line":64,"column":2},"end":{"line":64,"column":57}},"12":{"start":{"line":65,"column":2},"end":{"line":69,"column":11}},"13":{"start":{"line":74,"column":0},"end":{"line":81,"column":1}},"14":{"start":{"line":75,"column":2},"end":{"line":75,"column":61}},"15":{"start":{"line":76,"column":2},"end":{"line":76,"column":33}},"16":{"start":{"line":77,"column":2},"end":{"line":77,"column":20}},"17":{"start":{"line":78,"column":2},"end":{"line":80,"column":4}},"18":{"start":{"line":79,"column":4},"end":{"line":79,"column":29}},"19":{"start":{"line":86,"column":0},"end":{"line":97,"column":1}},"20":{"start":{"line":87,"column":2},"end":{"line":96,"column":4}},"21":{"start":{"line":88,"column":4},"end":{"line":88,"column":49}},"22":{"start":{"line":89,"column":4},"end":{"line":95,"column":20}},"23":{"start":{"line":105,"column":0},"end":{"line":117,"column":1}},"24":{"start":{"line":106,"column":2},"end":{"line":115,"column":3}},"25":{"start":{"line":114,"column":4},"end":{"line":114,"column":43}},"26":{"start":{"line":116,"column":2},"end":{"line":116,"column":22}},"27":{"start":{"line":120,"column":0},"end":{"line":133,"column":1}},"28":{"start":{"line":121,"column":2},"end":{"line":131,"column":3}},"29":{"start":{"line":130,"column":4},"end":{"line":130,"column":59}},"30":{"start":{"line":132,"column":2},"end":{"line":132,"column":26}},"31":{"start":{"line":136,"column":0},"end":{"line":142,"column":1}},"32":{"start":{"line":137,"column":2},"end":{"line":141,"column":5}},"33":{"start":{"line":138,"column":4},"end":{"line":138,"column":42}},"34":{"start":{"line":139,"column":4},"end":{"line":139,"column":18}},"35":{"start":{"line":140,"column":4},"end":{"line":140,"column":17}},"36":{"start":{"line":147,"column":0},"end":{"line":170,"column":1}},"37":{"start":{"line":148,"column":2},"end":{"line":167,"column":3}},"38":{"start":{"line":162,"column":4},"end":{"line":166,"column":16}},"39":{"start":{"line":168,"column":2},"end":{"line":168,"column":26}},"40":{"start":{"line":169,"column":2},"end":{"line":169,"column":42}},"41":{"start":{"line":181,"column":0},"end":{"line":181,"column":21}},"42":{"start":{"line":183,"column":0},"end":{"line":194,"column":1}},"43":{"start":{"line":197,"column":0},"end":{"line":197,"column":23}},"44":{"start":{"line":200,"column":0},"end":{"line":200,"column":48}},"45":{"start":{"line":202,"column":0},"end":{"line":202,"column":27}}},"branchMap":{"1":{"line":16,"type":"cond-expr","locations":[{"start":{"line":17,"column":4},"end":{"line":17,"column":55}},{"start":{"line":18,"column":4},"end":{"line":18,"column":34}}]},"2":{"line":16,"type":"binary-expr","locations":[{"start":{"line":16,"column":9},"end":{"line":16,"column":14}},{"start":{"line":16,"column":18},"end":{"line":16,"column":37}}]},"3":{"line":17,"type":"cond-expr","locations":[{"start":{"line":17,"column":15},"end":{"line":17,"column":21}},{"start":{"line":17,"column":24},"end":{"line":17,"column":30}}]},"4":{"line":29,"type":"cond-expr","locations":[{"start":{"line":30,"column":4},"end":{"line":30,"column":22}},{"start":{"line":31,"column":5},"end":{"line":34,"column":5}}]},"5":{"line":31,"type":"binary-expr","locations":[{"start":{"line":31,"column":5},"end":{"line":31,"column":22}},{"start":{"line":32,"column":6},"end":{"line":33,"column":18}}]},"6":{"line":46,"type":"binary-expr","locations":[{"start":{"line":46,"column":9},"end":{"line":46,"column":59}},{"start":{"line":47,"column":9},"end":{"line":47,"column":55}}]},"7":{"line":53,"type":"binary-expr","locations":[{"start":{"line":53,"column":9},"end":{"line":53,"column":41}},{"start":{"line":54,"column":9},"end":{"line":54,"column":30}}]},"8":{"line":65,"type":"cond-expr","locations":[{"start":{"line":66,"column":5},"end":{"line":68,"column":36}},{"start":{"line":69,"column":4},"end":{"line":69,"column":10}}]},"9":{"line":66,"type":"cond-expr","locations":[{"start":{"line":67,"column":6},"end":{"line":67,"column":19}},{"start":{"line":68,"column":6},"end":{"line":68,"column":36}}]},"10":{"line":79,"type":"cond-expr","locations":[{"start":{"line":79,"column":19},"end":{"line":79,"column":23}},{"start":{"line":79,"column":26},"end":{"line":79,"column":28}}]},"11":{"line":89,"type":"cond-expr","locations":[{"start":{"line":90,"column":7},"end":{"line":94,"column":31}},{"start":{"line":95,"column":7},"end":{"line":95,"column":18}}]},"12":{"line":91,"type":"cond-expr","locations":[{"start":{"line":92,"column":11},"end":{"line":92,"column":30}},{"start":{"line":93,"column":11},"end":{"line":93,"column":21}}]},"13":{"line":91,"type":"binary-expr","locations":[{"start":{"line":91,"column":8},"end":{"line":91,"column":31}},{"start":{"line":91,"column":35},"end":{"line":91,"column":59}}]},"14":{"line":95,"type":"binary-expr","locations":[{"start":{"line":95,"column":7},"end":{"line":95,"column":12}},{"start":{"line":95,"column":16},"end":{"line":95,"column":18}}]},"15":{"line":162,"type":"cond-expr","locations":[{"start":{"line":163,"column":6},"end":{"line":163,"column":12}},{"start":{"line":164,"column":7},"end":{"line":166,"column":14}}]},"16":{"line":164,"type":"cond-expr","locations":[{"start":{"line":165,"column":8},"end":{"line":165,"column":40}},{"start":{"line":166,"column":8},"end":{"line":166,"column":14}}]}}}}