TN:
SF:/home/webreflection/code/viperHTML/viperhtml.js
FN:14,viperHTML
FN:28,wire
FN:45,isAttribute
FN:52,isHTML
FN:63,getUpdateForAttribute
FN:74,updateBoolean
FN:78,(anonymous_7)
FN:86,updateEvent
FN:87,(anonymous_9)
FN:105,update
FN:120,chunks
FN:136,resolveChunk
FN:137,(anonymous_13)
FN:147,upgrade
FNF:14
FNH:14
FNDA:3037,viperHTML
FNDA:1019,wire
FNDA:3025,isAttribute
FNDA:5029,isHTML
FNDA:2015,getUpdateForAttribute
FNDA:2,updateBoolean
FNDA:2,(anonymous_7)
FNDA:1008,updateEvent
FNDA:2011,(anonymous_9)
FNDA:2019,update
FNDA:1,chunks
FNDA:3,resolveChunk
FNDA:3,(anonymous_13)
FNDA:1017,upgrade
DA:14,1
DA:15,3037
DA:16,3037
DA:28,1
DA:29,1019
DA:45,1
DA:46,3025
DA:52,1
DA:53,5029
DA:63,1
DA:64,2015
DA:65,2015
DA:74,1
DA:75,2
DA:76,2
DA:77,2
DA:78,2
DA:79,2
DA:86,1
DA:87,1008
DA:88,2011
DA:89,2011
DA:105,1
DA:106,2019
DA:114,10042
DA:116,2019
DA:120,1
DA:121,1
DA:130,2
DA:132,1
DA:136,1
DA:137,3
DA:138,3
DA:139,3
DA:140,3
DA:147,1
DA:148,1017
DA:162,5029
DA:168,1017
DA:169,1017
DA:181,1
DA:183,1
DA:197,1
DA:200,1
DA:202,1
LF:45
LH:45
BRDA:16,1,0,2020
BRDA:16,1,1,1017
BRDA:16,2,0,3037
BRDA:16,2,1,2021
BRDA:17,3,0,1
BRDA:17,3,1,2019
BRDA:29,4,0,1012
BRDA:29,4,1,7
BRDA:31,5,0,7
BRDA:31,5,1,3
BRDA:46,6,0,3025
BRDA:46,6,1,2017
BRDA:53,7,0,5029
BRDA:53,7,1,2005
BRDA:65,8,0,1010
BRDA:65,8,1,1005
BRDA:66,9,0,1008
BRDA:66,9,1,2
BRDA:79,10,0,1
BRDA:79,10,1,1
BRDA:89,11,0,2009
BRDA:89,11,1,2
BRDA:91,12,0,1
BRDA:91,12,1,2008
BRDA:91,13,0,2009
BRDA:91,13,1,1
BRDA:95,14,0,2
BRDA:95,14,1,2
BRDA:162,15,0,2004
BRDA:162,15,1,3025
BRDA:164,16,0,2015
BRDA:164,16,1,1010
BRF:32
BRH:32
end_of_record
